{
  "Cucumber Features": {
    "coverage": {
      "/Users/DanDevOps/Desktop/Web design/CraftAcademy/Projects/taskr/app/controllers/home_controller.rb": [
        1,
        1,
        null,
        null
      ],
      "/Users/DanDevOps/Desktop/Web design/CraftAcademy/Projects/taskr/app/controllers/application_controller.rb": [
        1,
        1,
        null,
        1,
        1,
        null,
        1,
        null,
        1,
        0,
        0,
        null,
        null,
        null
      ],
      "/Users/DanDevOps/Desktop/Web design/CraftAcademy/Projects/taskr/app/helpers/application_helper.rb": [
        1,
        null
      ],
      "/Users/DanDevOps/Desktop/Web design/CraftAcademy/Projects/taskr/app/controllers/contractors/registrations_controller.rb": [
        1,
        null,
        1,
        null,
        1,
        null,
        1,
        4,
        2,
        null,
        null,
        null,
        null,
        null,
        null
      ],
      "/Users/DanDevOps/Desktop/Web design/CraftAcademy/Projects/taskr/app/channels/application_cable/channel.rb": [
        0,
        0,
        0,
        0
      ],
      "/Users/DanDevOps/Desktop/Web design/CraftAcademy/Projects/taskr/app/channels/application_cable/connection.rb": [
        0,
        0,
        0,
        0
      ],
      "/Users/DanDevOps/Desktop/Web design/CraftAcademy/Projects/taskr/app/jobs/application_job.rb": [
        0,
        0
      ],
      "/Users/DanDevOps/Desktop/Web design/CraftAcademy/Projects/taskr/app/mailers/application_mailer.rb": [
        0,
        0,
        0,
        0
      ],
      "/Users/DanDevOps/Desktop/Web design/CraftAcademy/Projects/taskr/app/models/application_record.rb": [
        0,
        0,
        0
      ],
      "/Users/DanDevOps/Desktop/Web design/CraftAcademy/Projects/taskr/app/models/contractor.rb": [
        0,
        0,
        0,
        0,
        0,
        0,
        0,
        0,
        0,
        0,
        0,
        0,
        0,
        0
      ],
      "/Users/DanDevOps/Desktop/Web design/CraftAcademy/Projects/taskr/app/models/requester.rb": [
        0,
        0,
        0,
        0,
        0,
        0,
        0
      ]
    },

    "timestamp": 1496994396
  },
  "RSpec": {
    "coverage": {
      "/Users/DanDevOps/Desktop/Web design/CraftAcademy/Projects/taskr/app/helpers/application_helper.rb": [
        1,
        null
      ],
      "/Users/DanDevOps/Desktop/Web design/CraftAcademy/Projects/taskr/app/channels/application_cable/channel.rb": [
        0,
        0,
        0,
        0
      ],
      "/Users/DanDevOps/Desktop/Web design/CraftAcademy/Projects/taskr/app/channels/application_cable/connection.rb": [
        0,
        0,
        0,
        0
      ],
      "/Users/DanDevOps/Desktop/Web design/CraftAcademy/Projects/taskr/app/controllers/application_controller.rb": [
        0,
        0,
        0,
        0,
        0,
        0,
        0,
        0,
        0,
        0,
        0,
        0,
        0,
        0
      ],
      "/Users/DanDevOps/Desktop/Web design/CraftAcademy/Projects/taskr/app/controllers/contractors/registrations_controller.rb": [
        0,
        0,
        0,
        0,
        0,
        0,
        0,
        0,
        0,
        0,
        0,
        0,
        0,
        0,
        0
      ],
      "/Users/DanDevOps/Desktop/Web design/CraftAcademy/Projects/taskr/app/controllers/home_controller.rb": [
        0,
        0,
        0,
        0
      ],
      "/Users/DanDevOps/Desktop/Web design/CraftAcademy/Projects/taskr/app/jobs/application_job.rb": [
        0,
        0
      ],
      "/Users/DanDevOps/Desktop/Web design/CraftAcademy/Projects/taskr/app/mailers/application_mailer.rb": [
        0,
        0,
        0,
        0
      ],
      "/Users/DanDevOps/Desktop/Web design/CraftAcademy/Projects/taskr/app/models/application_record.rb": [
        0,
        0,
        0
      ],
      "/Users/DanDevOps/Desktop/Web design/CraftAcademy/Projects/taskr/app/models/contractor.rb": [
        0,
        0,
        0,
        0,
        0,
        0,
        0,
        0,
        0,
        0,
        0,
        0,
        0,
        0
      ],
      "/Users/DanDevOps/Desktop/Web design/CraftAcademy/Projects/taskr/app/models/requester.rb": [
        0,
        0,
        0,
        0,
        0,
        0,
        0
      ]
    },
    "timestamp": 1496966944
  }
}
